<?xml version="1.0" encoding="utf-8"?><testsuites name="pytest tests"><testsuite name="pytest" errors="0" failures="0" skipped="0" tests="8" time="19.401" timestamp="2026-08-18T19:36:59.759055+00:00" hostname="agent-env-d3d65345-8a9b-459c-a04d-42619e6c1915"><testcase classname="tests.test_optimization_api" name="test_optimization_findings_shape_and_empty" time="5.452" /><testcase classname="tests.test_optimization_api" name="test_optimization_findings_requires_auth" time="0.175" /><testcase classname="tests.test_optimization_api" name="test_optimization_workspace_isolation_403" time="0.895" /><testcase classname="tests.test_optimization_api" name="test_analytics_regression_overview" time="2.457" /><testcase classname="tests.test_optimization_api" name="test_analytics_regression_breakdown" time="2.797" /><testcase classname="tests.test_optimization_api" name="test_analytics_regression_timeseries" time="2.913" /><testcase classname="tests.test_optimization_api" name="test_reliability_regression" time="2.549" /><testcase classname="tests.test_optimization_api" name="test_projects_regression" time="1.803" /></testsuite></testsuites>